2025-12-03T17:49:12.162Z: [CurrentUser] Found role in claims: main_admin
2025-12-03T17:49:12.419Z: [CurrentUser] Found role in claims: main_admin
2025-12-03T17:51:15.731Z: [CurrentUser] Found role in claims: main_admin
2025-12-03T18:52:31.814Z: [CurrentUser] Found role in claims: main_admin
2025-12-03T18:52:46.350Z: [CurrentUser] Found role in claims: student
2025-12-03T18:52:46.351Z: [CurrentUser] Role is student or missing, checking DB...
2025-12-03T18:52:46.352Z: getUserRoleFromDb called for user 9c98f897-496b-40ff-beab-f4655b716ba9, farewell c18617f6-9221-40a7-b801-c2808a44c7cb
2025-12-03T18:52:46.904Z: getUserRoleFromDb found role: teacher
2025-12-03T18:52:46.905Z: [CurrentUser] Found role in DB: teacher
2025-12-03T19:07:59.487Z: [CurrentUser] Found role in claims: main_admin
2025-12-03T19:11:07.474Z: [CurrentUser] Found role in claims: main_admin
2025-12-03T19:13:57.492Z: [CurrentUser] Found role in claims: main_admin
2025-12-03T19:20:24.303Z: [CurrentUser] Found role in claims: main_admin
2025-12-03T19:21:14.880Z: [CurrentUser] Found role in claims: main_admin
2025-12-03T19:28:01.952Z: [CurrentUser] Found role in claims: main_admin
2025-12-03T19:28:02.241Z: [CurrentUser] Found role in claims: main_admin
2025-12-03T19:28:02.484Z: [CurrentUser] Found role in claims: main_admin
2025-12-03T19:28:02.812Z: [CurrentUser] Found role in claims: main_admin
2025-12-03T19:28:03.113Z: [CurrentUser] Found role in claims: main_admin
2025-12-03T19:28:03.776Z: [CurrentUser] Found role in claims: main_admin
2025-12-03T19:28:04.082Z: [CurrentUser] Found role in claims: main_admin
2025-12-03T19:28:04.302Z: [CurrentUser] Found role in claims: main_admin
2025-12-03T19:28:04.540Z: [CurrentUser] Found role in claims: main_admin
2025-12-03T19:28:04.770Z: [CurrentUser] Found role in claims: main_admin
2025-12-03T19:28:05.055Z: [CurrentUser] Found role in claims: main_admin
2025-12-03T19:28:05.358Z: [CurrentUser] Found role in claims: main_admin
2025-12-03T19:28:05.614Z: [CurrentUser] Found role in claims: main_admin
2025-12-03T19:28:05.885Z: [CurrentUser] Found role in claims: main_admin
2025-12-03T19:28:06.173Z: [CurrentUser] Found role in claims: main_admin
2025-12-03T19:28:06.438Z: [CurrentUser] Found role in claims: main_admin
2025-12-03T19:28:07.072Z: [CurrentUser] Found role in claims: main_admin
2025-12-03T19:28:07.526Z: [CurrentUser] Found role in claims: main_admin
2025-12-03T19:28:07.873Z: [CurrentUser] Found role in claims: main_admin
2025-12-03T19:28:08.220Z: [CurrentUser] Found role in claims: main_admin
